[0.352s] Invoking command in '/home/umetaka/ros2_ws2/src/mypkg': PYTHONPATH=/home/umetaka/ros2_ws2/src/mypkg/build/mypkg/prefix_override:/usr/lib/python3/dist-packages/colcon_core/task/python/colcon_distutils_commands:/home/umetaka/ros2_ws2/src/mypkg/install/mypkg/lib/python3.8/site-packages:${PYTHONPATH} /usr/bin/python3 -W ignore:setup.py install is deprecated -W ignore:easy_install command is deprecated setup.py egg_info --egg-base build/mypkg build --build-base /home/umetaka/ros2_ws2/src/mypkg/build/mypkg/build install --record /home/umetaka/ros2_ws2/src/mypkg/build/mypkg/install.log --install-scripts $base/lib/mypkg --single-version-externally-managed install_data
[0.466s] running egg_info
[0.466s] writing build/mypkg/mypkg.egg-info/PKG-INFO
[0.466s] writing dependency_links to build/mypkg/mypkg.egg-info/dependency_links.txt
[0.466s] writing entry points to build/mypkg/mypkg.egg-info/entry_points.txt
[0.466s] writing requirements to build/mypkg/mypkg.egg-info/requires.txt
[0.466s] writing top-level names to build/mypkg/mypkg.egg-info/top_level.txt
[0.487s] reading manifest file 'build/mypkg/mypkg.egg-info/SOURCES.txt'
[0.487s] writing manifest file 'build/mypkg/mypkg.egg-info/SOURCES.txt'
[0.487s] running build
[0.487s] running build_py
[0.487s] running install
[0.488s] running install_lib
[0.489s] running install_data
[0.489s] running install_egg_info
[0.490s] removing '/home/umetaka/ros2_ws2/src/mypkg/install/mypkg/lib/python3.8/site-packages/mypkg-0.0.0-py3.8.egg-info' (and everything under it)
[0.490s] Copying build/mypkg/mypkg.egg-info to /home/umetaka/ros2_ws2/src/mypkg/install/mypkg/lib/python3.8/site-packages/mypkg-0.0.0-py3.8.egg-info
[0.491s] running install_scripts
[0.502s] Installing study_timer script to /home/umetaka/ros2_ws2/src/mypkg/install/mypkg/lib/mypkg
[0.502s] writing list of installed files to '/home/umetaka/ros2_ws2/src/mypkg/build/mypkg/install.log'
[0.516s] Invoked command in '/home/umetaka/ros2_ws2/src/mypkg' returned '0': PYTHONPATH=/home/umetaka/ros2_ws2/src/mypkg/build/mypkg/prefix_override:/usr/lib/python3/dist-packages/colcon_core/task/python/colcon_distutils_commands:/home/umetaka/ros2_ws2/src/mypkg/install/mypkg/lib/python3.8/site-packages:${PYTHONPATH} /usr/bin/python3 -W ignore:setup.py install is deprecated -W ignore:easy_install command is deprecated setup.py egg_info --egg-base build/mypkg build --build-base /home/umetaka/ros2_ws2/src/mypkg/build/mypkg/build install --record /home/umetaka/ros2_ws2/src/mypkg/build/mypkg/install.log --install-scripts $base/lib/mypkg --single-version-externally-managed install_data
