[0.414s] Invoking command in '/home/umetaka/ros2_ws2/src/mypkg': PYTHONPATH=/home/umetaka/ros2_ws2/src/mypkg/build/mypkg/prefix_override:/usr/lib/python3/dist-packages/colcon_core/task/python/colcon_distutils_commands:/home/umetaka/ros2_ws2/src/mypkg/install/mypkg/lib/python3.8/site-packages:${PYTHONPATH} /usr/bin/python3 -W ignore:setup.py install is deprecated -W ignore:easy_install command is deprecated setup.py egg_info --egg-base build/mypkg build --build-base /home/umetaka/ros2_ws2/src/mypkg/build/mypkg/build install --record /home/umetaka/ros2_ws2/src/mypkg/build/mypkg/install.log --install-scripts $base/lib/mypkg --single-version-externally-managed install_data
[0.514s] running egg_info
[0.514s] creating build/mypkg/mypkg.egg-info
[0.514s] writing build/mypkg/mypkg.egg-info/PKG-INFO
[0.514s] writing dependency_links to build/mypkg/mypkg.egg-info/dependency_links.txt
[0.514s] writing entry points to build/mypkg/mypkg.egg-info/entry_points.txt
[0.514s] writing requirements to build/mypkg/mypkg.egg-info/requires.txt
[0.514s] writing top-level names to build/mypkg/mypkg.egg-info/top_level.txt
[0.521s] writing manifest file 'build/mypkg/mypkg.egg-info/SOURCES.txt'
[0.539s] reading manifest file 'build/mypkg/mypkg.egg-info/SOURCES.txt'
[0.540s] writing manifest file 'build/mypkg/mypkg.egg-info/SOURCES.txt'
[0.540s] running build
[0.540s] running build_py
[0.540s] creating /home/umetaka/ros2_ws2/src/mypkg/build/mypkg/build
[0.540s] creating /home/umetaka/ros2_ws2/src/mypkg/build/mypkg/build/lib
[0.540s] creating /home/umetaka/ros2_ws2/src/mypkg/build/mypkg/build/lib/mypkg
[0.540s] copying mypkg/study_timer.py -> /home/umetaka/ros2_ws2/src/mypkg/build/mypkg/build/lib/mypkg
[0.540s] copying mypkg/__init__.py -> /home/umetaka/ros2_ws2/src/mypkg/build/mypkg/build/lib/mypkg
[0.541s] running install
[0.541s] running install_lib
[0.542s] creating /home/umetaka/ros2_ws2/src/mypkg/install/mypkg/lib/python3.8/site-packages/mypkg
[0.542s] copying /home/umetaka/ros2_ws2/src/mypkg/build/mypkg/build/lib/mypkg/study_timer.py -> /home/umetaka/ros2_ws2/src/mypkg/install/mypkg/lib/python3.8/site-packages/mypkg
[0.542s] copying /home/umetaka/ros2_ws2/src/mypkg/build/mypkg/build/lib/mypkg/__init__.py -> /home/umetaka/ros2_ws2/src/mypkg/install/mypkg/lib/python3.8/site-packages/mypkg
[0.542s] byte-compiling /home/umetaka/ros2_ws2/src/mypkg/install/mypkg/lib/python3.8/site-packages/mypkg/study_timer.py to study_timer.cpython-38.pyc
[0.543s] byte-compiling /home/umetaka/ros2_ws2/src/mypkg/install/mypkg/lib/python3.8/site-packages/mypkg/__init__.py to __init__.cpython-38.pyc
[0.543s] running install_data
[0.543s] creating /home/umetaka/ros2_ws2/src/mypkg/install/mypkg/share/ament_index
[0.544s] creating /home/umetaka/ros2_ws2/src/mypkg/install/mypkg/share/ament_index/resource_index
[0.544s] creating /home/umetaka/ros2_ws2/src/mypkg/install/mypkg/share/ament_index/resource_index/packages
[0.544s] copying resource/mypkg -> /home/umetaka/ros2_ws2/src/mypkg/install/mypkg/share/ament_index/resource_index/packages
[0.544s] copying package.xml -> /home/umetaka/ros2_ws2/src/mypkg/install/mypkg/share/mypkg
[0.544s] copying launch/study_timer.launch.py -> /home/umetaka/ros2_ws2/src/mypkg/install/mypkg/share/mypkg
[0.544s] running install_egg_info
[0.546s] Copying build/mypkg/mypkg.egg-info to /home/umetaka/ros2_ws2/src/mypkg/install/mypkg/lib/python3.8/site-packages/mypkg-0.0.0-py3.8.egg-info
[0.546s] running install_scripts
[0.557s] Installing listener script to /home/umetaka/ros2_ws2/src/mypkg/install/mypkg/lib/mypkg
[0.557s] Installing talker script to /home/umetaka/ros2_ws2/src/mypkg/install/mypkg/lib/mypkg
[0.557s] writing list of installed files to '/home/umetaka/ros2_ws2/src/mypkg/build/mypkg/install.log'
[0.568s] Invoked command in '/home/umetaka/ros2_ws2/src/mypkg' returned '0': PYTHONPATH=/home/umetaka/ros2_ws2/src/mypkg/build/mypkg/prefix_override:/usr/lib/python3/dist-packages/colcon_core/task/python/colcon_distutils_commands:/home/umetaka/ros2_ws2/src/mypkg/install/mypkg/lib/python3.8/site-packages:${PYTHONPATH} /usr/bin/python3 -W ignore:setup.py install is deprecated -W ignore:easy_install command is deprecated setup.py egg_info --egg-base build/mypkg build --build-base /home/umetaka/ros2_ws2/src/mypkg/build/mypkg/build install --record /home/umetaka/ros2_ws2/src/mypkg/build/mypkg/install.log --install-scripts $base/lib/mypkg --single-version-externally-managed install_data
